<?xml version="1.0" encoding="UTF-8"?>
<testsuite name="org.apache.ofbiz.entity.util.EntitySaxReaderTests" tests="3" skipped="0" failures="0" errors="0" timestamp="2017-07-03T18:04:51" hostname="mspl" time="2.287">
  <properties/>
  <testcase name="constructorWithDefaultTimeout" classname="org.apache.ofbiz.entity.util.EntitySaxReaderTests" time="0.081"/>
  <testcase name="constructorWithTimeout" classname="org.apache.ofbiz.entity.util.EntitySaxReaderTests" time="0.002"/>
  <testcase name="parse" classname="org.apache.ofbiz.entity.util.EntitySaxReaderTests" time="2.203"/>
  <system-out><![CDATA[]]></system-out>
  <system-err><![CDATA[]]></system-err>
</testsuite>
