<?xml version="1.0" encoding="UTF-8"?>
<testsuite name="org.apache.ofbiz.base.util.UtilCodecTests" tests="4" skipped="0" failures="0" errors="0" timestamp="2017-07-03T18:04:56" hostname="mspl" time="0.137">
  <properties/>
  <testcase name="canonicalizeRevealsEscapedXSS" classname="org.apache.ofbiz.base.util.UtilCodecTests" time="0.116"/>
  <testcase name="testGetEncoder" classname="org.apache.ofbiz.base.util.UtilCodecTests" time="0.002"/>
  <testcase name="testCheckStringForHtmlStrictNone" classname="org.apache.ofbiz.base.util.UtilCodecTests" time="0.014"/>
  <testcase name="checkStringForHtmlStrictNoneDetectsXSS" classname="org.apache.ofbiz.base.util.UtilCodecTests" time="0.001"/>
  <system-out><![CDATA[23:34:56.146 [Test worker] ERROR org.apache.ofbiz.base.util.UtilCodec - Canonicalization (format consistency, character escaping that is mixed or double, etc) error for attribute named [double-encoding], String [%2%353Cscript]: org.apache.ofbiz.base.util.UtilCodec$IntrusionException: Input validation failure
]]></system-out>
  <system-err><![CDATA[]]></system-err>
</testsuite>
