<?xml version="1.0" encoding="UTF-8"?>
<testsuite name="org.apache.ofbiz.base.util.template.FreeMarkerWorkerTests" tests="1" skipped="0" failures="0" errors="0" timestamp="2017-07-03T18:04:56" hostname="mspl" time="0.41">
  <properties/>
  <testcase name="renderTemplateFromString" classname="org.apache.ofbiz.base.util.template.FreeMarkerWorkerTests" time="0.41"/>
  <system-out><![CDATA[]]></system-out>
  <system-err><![CDATA[]]></system-err>
</testsuite>
